[2020-11-15 14:50:06] local.ERROR: Please provide a valid cache path. {"exception":"[object] (InvalidArgumentException(code: 0): Please provide a valid cache path. at D:\\work\\laragon\\www\\bambu_gastronomia\\vendor\\laravel\\framework\\src\\Illuminate\\View\\Compilers\\Compiler.php:36)
[stacktrace]
#0 D:\\work\\laragon\\www\\bambu_gastronomia\\vendor\\laravel\\framework\\src\\Illuminate\\View\\ViewServiceProvider.php(91): Illuminate\\View\\Compilers\\Compiler->__construct(Object(Illuminate\\Filesystem\\Filesystem), false)
#1 D:\\work\\laragon\\www\\bambu_gastronomia\\vendor\\laravel\\framework\\src\\Illuminate\\Container\\Container.php(805): Illuminate\\View\\ViewServiceProvider->Illuminate\\View\\{closure}(Object(Illuminate\\Foundation\\Application), Array)
#2 D:\\work\\laragon\\www\\bambu_gastronomia\\vendor\\laravel\\framework\\src\\Illuminate\\Container\\Container.php(691): Illuminate\\Container\\Container->build(Object(Closure))
#3 D:\\work\\laragon\\www\\bambu_gastronomia\\vendor\\laravel\\framework\\src\\Illuminate\\Foundation\\Application.php(796): Illuminate\\Container\\Container->resolve('blade.compiler', Array, true)
#4 D:\\work\\laragon\\www\\bambu_gastronomia\\vendor\\laravel\\framework\\src\\Illuminate\\Container\\Container.php(637): Illuminate\\Foundation\\Application->resolve('blade.compiler', Array)
#5 D:\\work\\laragon\\www\\bambu_gastronomia\\vendor\\laravel\\framework\\src\\Illuminate\\Foundation\\Application.php(781): Illuminate\\Container\\Container->make('blade.compiler', Array)
#6 D:\\work\\laragon\\www\\bambu_gastronomia\\vendor\\laravel\\framework\\src\\Illuminate\\Container\\Container.php(1284): Illuminate\\Foundation\\Application->make('blade.compiler')
#7 D:\\work\\laragon\\www\\bambu_gastronomia\\vendor\\laravel\\framework\\src\\Illuminate\\View\\ViewServiceProvider.php(151): Illuminate\\Container\\Container->offsetGet('blade.compiler')
#8 [internal function]: Illuminate\\View\\ViewServiceProvider->Illuminate\\View\\{closure}()
#9 D:\\work\\laragon\\www\\bambu_gastronomia\\vendor\\laravel\\framework\\src\\Illuminate\\View\\Engines\\EngineResolver.php(55): call_user_func(Object(Closure))
#10 D:\\work\\laragon\\www\\bambu_gastronomia\\vendor\\facade\\ignition\\src\\IgnitionServiceProvider.php(389): Illuminate\\View\\Engines\\EngineResolver->resolve('blade')
#11 D:\\work\\laragon\\www\\bambu_gastronomia\\vendor\\facade\\ignition\\src\\IgnitionServiceProvider.php(125): Facade\\Ignition\\IgnitionServiceProvider->hasCustomViewEnginesRegistered()
#12 D:\\work\\laragon\\www\\bambu_gastronomia\\vendor\\facade\\ignition\\src\\IgnitionServiceProvider.php(84): Facade\\Ignition\\IgnitionServiceProvider->registerViewEngines()
#13 D:\\work\\laragon\\www\\bambu_gastronomia\\vendor\\laravel\\framework\\src\\Illuminate\\Container\\BoundMethod.php(36): Facade\\Ignition\\IgnitionServiceProvider->boot()
#14 D:\\work\\laragon\\www\\bambu_gastronomia\\vendor\\laravel\\framework\\src\\Illuminate\\Container\\Util.php(37): Illuminate\\Container\\BoundMethod::Illuminate\\Container\\{closure}()
#15 D:\\work\\laragon\\www\\bambu_gastronomia\\vendor\\laravel\\framework\\src\\Illuminate\\Container\\BoundMethod.php(93): Illuminate\\Container\\Util::unwrapIfClosure(Object(Closure))
#16 D:\\work\\laragon\\www\\bambu_gastronomia\\vendor\\laravel\\framework\\src\\Illuminate\\Container\\BoundMethod.php(37): Illuminate\\Container\\BoundMethod::callBoundMethod(Object(Illuminate\\Foundation\\Application), Array, Object(Closure))
#17 D:\\work\\laragon\\www\\bambu_gastronomia\\vendor\\laravel\\framework\\src\\Illuminate\\Container\\Container.php(596): Illuminate\\Container\\BoundMethod::call(Object(Illuminate\\Foundation\\Application), Array, Array, NULL)
#18 D:\\work\\laragon\\www\\bambu_gastronomia\\vendor\\laravel\\framework\\src\\Illuminate\\Foundation\\Application.php(867): Illuminate\\Container\\Container->call(Array)
#19 D:\\work\\laragon\\www\\bambu_gastronomia\\vendor\\laravel\\framework\\src\\Illuminate\\Foundation\\Application.php(850): Illuminate\\Foundation\\Application->bootProvider(Object(Facade\\Ignition\\IgnitionServiceProvider))
#20 [internal function]: Illuminate\\Foundation\\Application->Illuminate\\Foundation\\{closure}(Object(Facade\\Ignition\\IgnitionServiceProvider), 15)
#21 D:\\work\\laragon\\www\\bambu_gastronomia\\vendor\\laravel\\framework\\src\\Illuminate\\Foundation\\Application.php(851): array_walk(Array, Object(Closure))
#22 D:\\work\\laragon\\www\\bambu_gastronomia\\vendor\\laravel\\framework\\src\\Illuminate\\Foundation\\Bootstrap\\BootProviders.php(17): Illuminate\\Foundation\\Application->boot()
#23 D:\\work\\laragon\\www\\bambu_gastronomia\\vendor\\laravel\\framework\\src\\Illuminate\\Foundation\\Application.php(230): Illuminate\\Foundation\\Bootstrap\\BootProviders->bootstrap(Object(Illuminate\\Foundation\\Application))
#24 D:\\work\\laragon\\www\\bambu_gastronomia\\vendor\\laravel\\framework\\src\\Illuminate\\Foundation\\Http\\Kernel.php(151): Illuminate\\Foundation\\Application->bootstrapWith(Array)
#25 D:\\work\\laragon\\www\\bambu_gastronomia\\vendor\\laravel\\framework\\src\\Illuminate\\Foundation\\Http\\Kernel.php(135): Illuminate\\Foundation\\Http\\Kernel->bootstrap()
#26 D:\\work\\laragon\\www\\bambu_gastronomia\\vendor\\laravel\\framework\\src\\Illuminate\\Foundation\\Http\\Kernel.php(109): Illuminate\\Foundation\\Http\\Kernel->sendRequestThroughRouter(Object(Illuminate\\Http\\Request))
#27 D:\\work\\laragon\\www\\bambu_gastronomia\\client\\public\\public\\index.php(57): Illuminate\\Foundation\\Http\\Kernel->handle(Object(Illuminate\\Http\\Request))
#28 {main}
"} 
[2020-11-15 14:55:31] local.ERROR: Please provide a valid cache path. {"exception":"[object] (InvalidArgumentException(code: 0): Please provide a valid cache path. at D:\\work\\laragon\\www\\bambu_gastronomia\\vendor\\laravel\\framework\\src\\Illuminate\\View\\Compilers\\Compiler.php:36)
[stacktrace]
#0 D:\\work\\laragon\\www\\bambu_gastronomia\\vendor\\laravel\\framework\\src\\Illuminate\\View\\ViewServiceProvider.php(91): Illuminate\\View\\Compilers\\Compiler->__construct(Object(Illuminate\\Filesystem\\Filesystem), false)
#1 D:\\work\\laragon\\www\\bambu_gastronomia\\vendor\\laravel\\framework\\src\\Illuminate\\Container\\Container.php(805): Illuminate\\View\\ViewServiceProvider->Illuminate\\View\\{closure}(Object(Illuminate\\Foundation\\Application), Array)
#2 D:\\work\\laragon\\www\\bambu_gastronomia\\vendor\\laravel\\framework\\src\\Illuminate\\Container\\Container.php(691): Illuminate\\Container\\Container->build(Object(Closure))
#3 D:\\work\\laragon\\www\\bambu_gastronomia\\vendor\\laravel\\framework\\src\\Illuminate\\Foundation\\Application.php(796): Illuminate\\Container\\Container->resolve('blade.compiler', Array, true)
#4 D:\\work\\laragon\\www\\bambu_gastronomia\\vendor\\laravel\\framework\\src\\Illuminate\\Container\\Container.php(637): Illuminate\\Foundation\\Application->resolve('blade.compiler', Array)
#5 D:\\work\\laragon\\www\\bambu_gastronomia\\vendor\\laravel\\framework\\src\\Illuminate\\Foundation\\Application.php(781): Illuminate\\Container\\Container->make('blade.compiler', Array)
#6 D:\\work\\laragon\\www\\bambu_gastronomia\\vendor\\laravel\\framework\\src\\Illuminate\\Container\\Container.php(1284): Illuminate\\Foundation\\Application->make('blade.compiler')
#7 D:\\work\\laragon\\www\\bambu_gastronomia\\vendor\\laravel\\framework\\src\\Illuminate\\View\\ViewServiceProvider.php(151): Illuminate\\Container\\Container->offsetGet('blade.compiler')
#8 [internal function]: Illuminate\\View\\ViewServiceProvider->Illuminate\\View\\{closure}()
#9 D:\\work\\laragon\\www\\bambu_gastronomia\\vendor\\laravel\\framework\\src\\Illuminate\\View\\Engines\\EngineResolver.php(55): call_user_func(Object(Closure))
#10 D:\\work\\laragon\\www\\bambu_gastronomia\\vendor\\facade\\ignition\\src\\IgnitionServiceProvider.php(389): Illuminate\\View\\Engines\\EngineResolver->resolve('blade')
#11 D:\\work\\laragon\\www\\bambu_gastronomia\\vendor\\facade\\ignition\\src\\IgnitionServiceProvider.php(125): Facade\\Ignition\\IgnitionServiceProvider->hasCustomViewEnginesRegistered()
#12 D:\\work\\laragon\\www\\bambu_gastronomia\\vendor\\facade\\ignition\\src\\IgnitionServiceProvider.php(84): Facade\\Ignition\\IgnitionServiceProvider->registerViewEngines()
#13 D:\\work\\laragon\\www\\bambu_gastronomia\\vendor\\laravel\\framework\\src\\Illuminate\\Container\\BoundMethod.php(36): Facade\\Ignition\\IgnitionServiceProvider->boot()
#14 D:\\work\\laragon\\www\\bambu_gastronomia\\vendor\\laravel\\framework\\src\\Illuminate\\Container\\Util.php(37): Illuminate\\Container\\BoundMethod::Illuminate\\Container\\{closure}()
#15 D:\\work\\laragon\\www\\bambu_gastronomia\\vendor\\laravel\\framework\\src\\Illuminate\\Container\\BoundMethod.php(93): Illuminate\\Container\\Util::unwrapIfClosure(Object(Closure))
#16 D:\\work\\laragon\\www\\bambu_gastronomia\\vendor\\laravel\\framework\\src\\Illuminate\\Container\\BoundMethod.php(37): Illuminate\\Container\\BoundMethod::callBoundMethod(Object(Illuminate\\Foundation\\Application), Array, Object(Closure))
#17 D:\\work\\laragon\\www\\bambu_gastronomia\\vendor\\laravel\\framework\\src\\Illuminate\\Container\\Container.php(596): Illuminate\\Container\\BoundMethod::call(Object(Illuminate\\Foundation\\Application), Array, Array, NULL)
#18 D:\\work\\laragon\\www\\bambu_gastronomia\\vendor\\laravel\\framework\\src\\Illuminate\\Foundation\\Application.php(867): Illuminate\\Container\\Container->call(Array)
#19 D:\\work\\laragon\\www\\bambu_gastronomia\\vendor\\laravel\\framework\\src\\Illuminate\\Foundation\\Application.php(850): Illuminate\\Foundation\\Application->bootProvider(Object(Facade\\Ignition\\IgnitionServiceProvider))
#20 [internal function]: Illuminate\\Foundation\\Application->Illuminate\\Foundation\\{closure}(Object(Facade\\Ignition\\IgnitionServiceProvider), 15)
#21 D:\\work\\laragon\\www\\bambu_gastronomia\\vendor\\laravel\\framework\\src\\Illuminate\\Foundation\\Application.php(851): array_walk(Array, Object(Closure))
#22 D:\\work\\laragon\\www\\bambu_gastronomia\\vendor\\laravel\\framework\\src\\Illuminate\\Foundation\\Bootstrap\\BootProviders.php(17): Illuminate\\Foundation\\Application->boot()
#23 D:\\work\\laragon\\www\\bambu_gastronomia\\vendor\\laravel\\framework\\src\\Illuminate\\Foundation\\Application.php(230): Illuminate\\Foundation\\Bootstrap\\BootProviders->bootstrap(Object(Illuminate\\Foundation\\Application))
#24 D:\\work\\laragon\\www\\bambu_gastronomia\\vendor\\laravel\\framework\\src\\Illuminate\\Foundation\\Http\\Kernel.php(151): Illuminate\\Foundation\\Application->bootstrapWith(Array)
#25 D:\\work\\laragon\\www\\bambu_gastronomia\\vendor\\laravel\\framework\\src\\Illuminate\\Foundation\\Http\\Kernel.php(135): Illuminate\\Foundation\\Http\\Kernel->bootstrap()
#26 D:\\work\\laragon\\www\\bambu_gastronomia\\vendor\\laravel\\framework\\src\\Illuminate\\Foundation\\Http\\Kernel.php(109): Illuminate\\Foundation\\Http\\Kernel->sendRequestThroughRouter(Object(Illuminate\\Http\\Request))
#27 D:\\work\\laragon\\www\\bambu_gastronomia\\client\\bambu\\public\\index.php(74): Illuminate\\Foundation\\Http\\Kernel->handle(Object(Illuminate\\Http\\Request))
#28 {main}
"} 
